     1                                  bits 32
     2                                  global start
     3                                  extern exit 
     4                                  import exit msvcrt.dll
     5                                  
     6                                  segment data use32 class=data
     7 00000000 13                      a db 19
     8 00000001 17                      b db 23
     9 00000002 2D                      c db 45
    10 00000003 11                      d db 17
    11                                  
    12                                  segment code use32 class=code
    13                                  ;a+13-c+d-7+b
    14                                  
    15                                  start:  
    16 00000000 A0[00000000]            mov al, [a] 
    17 00000005 040D                    add al, 13
    18 00000007 2A05[02000000]          sub al, [c] 
    19 0000000D 0205[03000000]          add al, [d]
    20 00000013 2C07                    sub al, 7
    21 00000015 0205[01000000]          add al, [b] 
    22                                  
    23 0000001B 6A00                    push dword 0
    24 0000001D FF15[00000000]          call [exit]
    25                                  
