     1                                  bits 32
     2                                  global start
     3                                  extern exit, scanf, printf
     4                                  import exit msvcrt.dll
     5                                  import scanf msvcrt.dll
     6                                  import printf msvcrt.dll
     7                                  
     8                                  extern calcul
     9                                  
    10                                  segment data use32 class=data
    11 00000000 613D00                  mesaj_citire_a db "a=", 0
    12 00000003 623D00                  mesaj_citire_b db "b=", 0
    13 00000006 633D00                  mesaj_citire_c db "c=", 0
    14 00000009 256400                  format_citire_numar db "%d", 0
    15 0000000C 256420202025642020-     format_afisare_numere db "%d   %d   %d",0
    15 00000015 20256400           
    16 00000019 61202B2062202D2063-     format_afisare_calcul db "a + b - c = %d", 0
    16 00000022 203D20256400       
    17                                  
    18                                  
    19 00000028 00000000                a dd 0
    20 0000002C 00000000                b dd 0
    21 00000030 00000000                c dd 0
    22                                  
    23                                  segment code use32 class=code
    24                                  
    25                                  
    26                                  start:
    27                                      
    28 00000000 68[00000000]                push mesaj_citire_a
    29 00000005 FF15[00000000]              call [printf]
    30 0000000B 83C404                      add esp, 4
    31                                      
    32 0000000E 68[28000000]                push a
    33 00000013 68[09000000]                push format_citire_numar
    34 00000018 FF15[00000000]              call [scanf]
    35 0000001E 83C408                      add esp, 4 * 2
    36                                      
    37 00000021 68[03000000]                push mesaj_citire_b
    38 00000026 FF15[00000000]              call [printf]
    39 0000002C 83C404                      add esp, 4
    40                                      
    41 0000002F 68[2C000000]                push b
    42 00000034 68[09000000]                push format_citire_numar
    43 00000039 FF15[00000000]              call [scanf]
    44 0000003F 83C408                      add esp, 4 * 2
    45                                      
    46 00000042 68[06000000]                push mesaj_citire_c
    47 00000047 FF15[00000000]              call [printf]
    48 0000004D 83C404                      add esp, 4
    49                                      
    50 00000050 68[30000000]                push c
    51 00000055 68[09000000]                push format_citire_numar
    52 0000005A FF15[00000000]              call [scanf]
    53 00000060 83C408                      add esp, 4 * 2
    54                                      
    55 00000063 FF35[30000000]              push dword [c]
    56 00000069 FF35[2C000000]              push dword [b]
    57 0000006F FF35[28000000]              push dword [a]
    58 00000075 68[0C000000]                push dword format_afisare_numere
    59 0000007A FF15[00000000]              call [printf]
    60 00000080 83C410                      add esp, 4 * 4
    61                                      
    62 00000083 E8(00000000)                call calcul
    63                                      
    64                                      
    65                                      
    66 00000088 6A00                    push dword 0
    67 0000008A FF15[00000000]          call [exit]
    68                                      
