     1                                  bits 32
     2                                  global start
     3                                  extern exit, fopen, scanf, fprintf, printf, fclose
     4                                  import exit msvcrt.dll
     5                                  import fopen msvcrt.dll
     6                                  import scanf msvcrt.dll
     7                                  import fprintf msvcrt.dll
     8                                  import printf msvcrt.dll
     9                                  import fclose msvcrt.dll
    10                                  
    11                                  segment data use32 class=data
    12 00000000 00                      descriptor_fisier db 0
    13 00000001 746578742E74787400      nume_fisier_debug db "text.txt", 0
    14 0000000A 00000000                numar dd 0
    15 0000000E 256400                  format_citire_numar db "%d", 0
    16 00000011 257300                  format_afisare db "%s", 0
    17 00000014 25642000                format_scriere_numar db "%d ", 0
    18 00000018 7700                    mod_acces db "w", 0
    19 0000001A 496E74726F64756365-     mesaj2 db "Introduceti numarul: ", 0
    19 00000023 7469206E756D617275-
    19 0000002C 6C3A2000           
    20                                  
    21                                  segment code use32 class=code
    22                                  ;Se da un nume de fisier (definit in segmentul de date). Sa se creeze un fisier cu numele dat, apoi sa se citeasca de la tastatura numere si sa se scrie valorile citite in fisier pana cand se citeste de la tastatura
    23                                  
    24                                  start:
    25                                      ;citire nume fisier
    26                                      ;push dword mesaj1
    27                                      ;push dword format_afisare
    28                                      ;call [printf]
    29                                      ;add esp, 2*4
    30                                      
    31                                      ;push dword nume_fisier
    32                                      ;push dword format_citire_fisier
    33                                      ;call [scanf]
    34                                      ;add esp, 2*4
    35                                      
    36                                      ;creare fisier
    37 00000000 68[18000000]                push dword mod_acces
    38 00000005 68[01000000]                push dword nume_fisier_debug
    39 0000000A FF15[00000000]              call [fopen]
    40 00000010 83C408                      add esp, 2*4
    41                                      
    42 00000013 83F800                      cmp eax, 0
    43 00000016 745F                        je final
    44                                      
    45 00000018 A3[00000000]                mov [descriptor_fisier], eax
    46                                      
    47                                      ;adaugare  numere in fisier
    48                                      
    49                                      adaugare_numar:
    50                                          
    51 0000001D 68[1A000000]                    push dword mesaj2
    52 00000022 68[11000000]                    push dword format_afisare
    53 00000027 FF15[00000000]                  call [printf]
    54 0000002D 83C408                          add esp, 2*4
    55                                          
    56 00000030 68[0A000000]                    push dword numar
    57 00000035 68[0E000000]                    push dword format_citire_numar
    58 0000003A FF15[00000000]                  call [scanf]
    59 00000040 83C408                          add esp, 2*4  
    60                                    
    61                                          
    62 00000043 833D[0A000000]00                cmp dword [numar], 0 ;daca e 0, nu se adauga
    63 0000004A 742B                            je final
    64                                          
    65 0000004C FF35[0A000000]                  push dword [numar]
    66 00000052 68[14000000]                    push dword format_scriere_numar
    67 00000057 FF35[00000000]                  push dword [descriptor_fisier]
    68 0000005D FF15[00000000]                  call [fprintf]
    69 00000063 83C40C                          add esp, 3*4
    70                                          
    71 00000066 EBB5                            jmp adaugare_numar ;se adauga urmatorul numar
    72                                          
    73 00000068 FF35[00000000]                  push dword [descriptor_fisier]
    74 0000006E FF15[00000000]                  call [fclose]
    75 00000074 83C404                          add esp, 1*4
    76                                          
    77                                          
    78                                      
    79                                  final:
    80                                  
    81 00000077 6A00                    push dword 0
    82 00000079 FF15[00000000]          call [exit]
